<?xml version="1.0" encoding="UTF-8"?>
<testsuite name="TwitterSearch.LibraryTest" tests="1" skipped="0" failures="0" errors="0" timestamp="2019-10-03T21:13:48" hostname="Quincci-PC" time="0.002">
  <properties/>
  <testcase name="testSomeLibraryMethod" classname="TwitterSearch.LibraryTest" time="0.002"/>
  <system-out><![CDATA[]]></system-out>
  <system-err><![CDATA[]]></system-err>
</testsuite>
